<?xml version="1.0" encoding="UTF-8"?>
<!-- Generated by org.testng.reporters.JUnitReportReporter -->
<testsuite hostname="DESKTOP-FGJNKGS" failures="0" tests="1" name="TestCases.VerifySignUpTestcase" time="15.162" errors="0" timestamp="2022-09-01T11:41:21 PDT" skipped="0">
  <testcase classname="TestCases.VerifySignUpTestcase" name="SignUp" time="15.162"/>
  <system-out/>
</testsuite> <!-- TestCases.VerifySignUpTestcase -->
