<?xml version="1.0" encoding="UTF-8"?>
<!-- Generated by org.testng.reporters.JUnitReportReporter -->
<testsuite hostname="DESKTOP-FGJNKGS" failures="0" tests="1" name="TestCases.VerifyLoginTestcase" time="11.838" errors="0" timestamp="2022-08-30T12:36:44 PDT" skipped="0">
  <testcase classname="TestCases.VerifyLoginTestcase" name="login" time="11.838"/>
  <system-out/>
</testsuite> <!-- TestCases.VerifyLoginTestcase -->
